<?xml version="1.0" encoding="UTF-8"?>
<!-- Generated by org.testng.reporters.JUnitReportReporter -->
<testsuite hostname="DESKTOP-8CNA17E" failures="0" tests="1" name="selenium_Intro_RahulShetty.ExcelDataDrivenApachePOI_10.ExcelTest" time="0.000" errors="0" timestamp="2025-04-17T15:20:02 IST" skipped="1">
  <testcase classname="selenium_Intro_RahulShetty.ExcelDataDrivenApachePOI_10.ExcelTest" name="testExcelData" time="0.000">
    <skipped/>
  </testcase> <!-- testExcelData -->
  <system-out/>
</testsuite> <!-- selenium_Intro_RahulShetty.ExcelDataDrivenApachePOI_10.ExcelTest -->
